<?xml version="1.0" encoding="UTF-8"?>
<testng-results skipped="0" failed="0" total="1" passed="1">
  <reporter-output>
  </reporter-output>
  <suite name="Suite" duration-ms="10369" started-at="2016-07-16T13:39:57Z" finished-at="2016-07-16T13:40:08Z">
    <groups>
    </groups>
    <test name="Test" duration-ms="10369" started-at="2016-07-16T13:39:57Z" finished-at="2016-07-16T13:40:08Z">
      <class name="mypackage.grid_demo1">
        <test-method status="PASS" signature="function1()[pri:0, instance:mypackage.grid_demo1@174d20a]" name="function1" duration-ms="10334" started-at="2016-07-16T19:09:57Z" finished-at="2016-07-16T19:10:08Z">
          <reporter-output>
          </reporter-output>
        </test-method> <!-- function1 -->
      </class> <!-- mypackage.grid_demo1 -->
    </test> <!-- Test -->
  </suite> <!-- Suite -->
</testng-results>
